Login_test/app/build/intermediates/manifest_merge_blame_file/debug/manifest-merger-blame-debug-report.txt
1<?xml version="1.0" encoding="utf-8"?>
2<manifest xmlns:android="http://schemas.android.com/apk/res/android"
3    package="com.example.login_test"
4    android:versionCode="1"
5    android:versionName="1.0" >
6
7    <uses-sdk
8        android:minSdkVersion="21"
8-->src\main\AndroidManifest.xml
9        android:targetSdkVersion="32" />
9-->src\main\AndroidManifest.xml
10
11    <uses-permission android:name="android.permission.INTERNET" />
11-->src\main\AndroidManifest.xml:6:5-66
11-->src\main\AndroidManifest.xml:6:22-64
12
13    <application
13-->src\main\AndroidManifest.xml:8:5-27:19
14        android:allowBackup="true"
14-->src\main\AndroidManifest.xml:10:9-35
15        android:appComponentFactory="androidx.core.app.CoreComponentFactory"
15-->[androidx.core:core:1.7.0] AndroidManifest.xml:24:18-86
16        android:debuggable="true"
17        android:icon="@mipmap/ic_launcher"
17-->src\main\AndroidManifest.xml:11:9-43
18        android:label="@string/app_name"
18-->src\main\AndroidManifest.xml:12:9-41
19        android:roundIcon="@mipmap/ic_launcher_round"
19-->src\main\AndroidManifest.xml:13:9-54
20        android:supportsRtl="true"
20-->src\main\AndroidManifest.xml:14:9-35
21        android:testOnly="true"
22        android:theme="@style/Theme.Login_test"
22-->src\main\AndroidManifest.xml:15:9-48
23        android:usesCleartextTraffic="true" >
23-->src\main\AndroidManifest.xml:9:9-44
24        tools:targetApi="m"
25        android:fullBackupContent="@xml/backup_descriptor">
26        <activity android:name="com.example.login_test.Login" />
26-->src\main\AndroidManifest.xml:18:9-43
26-->src\main\AndroidManifest.xml:18:19-40
27        <activity
27-->src\main\AndroidManifest.xml:19:9-26:20
28            android:name="com.example.login_test.Register"
28-->src\main\AndroidManifest.xml:19:19-43
29            android:exported="true" >
29-->src\main\AndroidManifest.xml:20:13-36
30            <intent-filter>
30-->src\main\AndroidManifest.xml:21:13-25:29
31                <action android:name="android.intent.action.MAIN" />
31-->src\main\AndroidManifest.xml:22:17-69
31-->src\main\AndroidManifest.xml:22:25-66
32
33                <category android:name="android.intent.category.LAUNCHER" />
33-->src\main\AndroidManifest.xml:24:17-77
33-->src\main\AndroidManifest.xml:24:27-74
34            </intent-filter>
35        </activity>
36
37        <provider
37-->[androidx.emoji2:emoji2:1.0.0] AndroidManifest.xml:26:9-34:20
38            android:name="androidx.startup.InitializationProvider"
38-->[androidx.emoji2:emoji2:1.0.0] AndroidManifest.xml:27:13-67
39            android:authorities="com.example.login_test.androidx-startup"
39-->[androidx.emoji2:emoji2:1.0.0] AndroidManifest.xml:28:13-68
40            android:exported="false" >
40-->[androidx.emoji2:emoji2:1.0.0] AndroidManifest.xml:29:13-37
41            <meta-data
41-->[androidx.emoji2:emoji2:1.0.0] AndroidManifest.xml:31:13-33:52
42                android:name="androidx.emoji2.text.EmojiCompatInitializer"
42-->[androidx.emoji2:emoji2:1.0.0] AndroidManifest.xml:32:17-75
43                android:value="androidx.startup" />
43-->[androidx.emoji2:emoji2:1.0.0] AndroidManifest.xml:33:17-49
44            <meta-data
44-->[androidx.lifecycle:lifecycle-process:2.4.0] AndroidManifest.xml:31:13-33:52
45                android:name="androidx.lifecycle.ProcessLifecycleInitializer"
45-->[androidx.lifecycle:lifecycle-process:2.4.0] AndroidManifest.xml:32:17-78
46                android:value="androidx.startup" />
46-->[androidx.lifecycle:lifecycle-process:2.4.0] AndroidManifest.xml:33:17-49
47        </provider>
48    </application>
49
50</manifest>